<?xml version="1.0" encoding="UTF-8"?>
<!-- Generated by org.testng.reporters.JUnitReportReporter -->
<testsuite hostname="TeeelaMacPros-MacBook-Pro.local" failures="0" tests="1" name="tests.loginTest" time="8.193" errors="0" timestamp="2024-03-04T17:11:21 EET" skipped="0">
  <testcase classname="tests.loginTest" name="login" time="8.193"/>
  <system-out/>
</testsuite> <!-- tests.loginTest -->
